<?xml version="1.0" encoding="UTF-8"?>
<coverage generated="1761979048545" clover="3.2.0">
  <project timestamp="1761979048545" name="All files">
    <metrics statements="183" coveredstatements="149" conditionals="54" coveredconditionals="33" methods="55" coveredmethods="48" elements="292" coveredelements="230" complexity="0" loc="183" ncloc="183" packages="9" files="24" classes="24"/>
    <package name="features.harry-potter">
      <metrics statements="0" coveredstatements="0" conditionals="0" coveredconditionals="0" methods="0" coveredmethods="0"/>
      <file name="index.ts" path="/Users/shion.terunaga/Desktop/project/create-react-template/main-template/tanstack-router/tailwind/src/features/harry-potter/index.ts">
        <metrics statements="0" coveredstatements="0" conditionals="0" coveredconditionals="0" methods="0" coveredmethods="0"/>
      </file>
    </package>
    <package name="features.harry-potter.hooks">
      <metrics statements="25" coveredstatements="0" conditionals="10" coveredconditionals="0" methods="7" coveredmethods="0"/>
      <file name="characters.type.ts" path="/Users/shion.terunaga/Desktop/project/create-react-template/main-template/tanstack-router/tailwind/src/features/harry-potter/hooks/characters.type.ts">
        <metrics statements="0" coveredstatements="0" conditionals="0" coveredconditionals="0" methods="0" coveredmethods="0"/>
      </file>
      <file name="single-page-characters.ts" path="/Users/shion.terunaga/Desktop/project/create-react-template/main-template/tanstack-router/tailwind/src/features/harry-potter/hooks/single-page-characters.ts">
        <metrics statements="25" coveredstatements="0" conditionals="10" coveredconditionals="0" methods="7" coveredmethods="0"/>
        <line num="11" count="0" type="stmt"/>
        <line num="12" count="0" type="stmt"/>
        <line num="14" count="0" type="stmt"/>
        <line num="17" count="0" type="stmt"/>
        <line num="19" count="0" type="stmt"/>
        <line num="20" count="0" type="stmt"/>
        <line num="22" count="0" type="stmt"/>
        <line num="23" count="0" type="stmt"/>
        <line num="26" count="0" type="cond" truecount="0" falsecount="2"/>
        <line num="28" count="0" type="cond" truecount="0" falsecount="2"/>
        <line num="29" count="0" type="stmt"/>
        <line num="30" count="0" type="stmt"/>
        <line num="33" count="0" type="cond" truecount="0" falsecount="2"/>
        <line num="34" count="0" type="stmt"/>
        <line num="37" count="0" type="stmt"/>
        <line num="40" count="0" type="stmt"/>
        <line num="41" count="0" type="stmt"/>
        <line num="45" count="0" type="stmt"/>
        <line num="46" count="0" type="cond" truecount="0" falsecount="2"/>
        <line num="49" count="0" type="stmt"/>
        <line num="50" count="0" type="cond" truecount="0" falsecount="2"/>
        <line num="51" count="0" type="stmt"/>
        <line num="55" count="0" type="stmt"/>
        <line num="61" count="0" type="stmt"/>
        <line num="64" count="0" type="stmt"/>
      </file>
    </package>
    <package name="features.harry-potter.model">
      <metrics statements="1" coveredstatements="1" conditionals="0" coveredconditionals="0" methods="0" coveredmethods="0"/>
      <file name="model-res.ts" path="/Users/shion.terunaga/Desktop/project/create-react-template/main-template/tanstack-router/tailwind/src/features/harry-potter/model/model-res.ts">
        <metrics statements="1" coveredstatements="1" conditionals="0" coveredconditionals="0" methods="0" coveredmethods="0"/>
        <line num="3" count="2" type="stmt"/>
      </file>
      <file name="model-view.ts" path="/Users/shion.terunaga/Desktop/project/create-react-template/main-template/tanstack-router/tailwind/src/features/harry-potter/model/model-view.ts">
        <metrics statements="0" coveredstatements="0" conditionals="0" coveredconditionals="0" methods="0" coveredmethods="0"/>
      </file>
    </package>
    <package name="features.harry-potter.service">
      <metrics statements="9" coveredstatements="9" conditionals="6" coveredconditionals="6" methods="4" coveredmethods="4"/>
      <file name="get-character.ts" path="/Users/shion.terunaga/Desktop/project/create-react-template/main-template/tanstack-router/tailwind/src/features/harry-potter/service/get-character.ts">
        <metrics statements="1" coveredstatements="1" conditionals="0" coveredconditionals="0" methods="1" coveredmethods="1"/>
        <line num="13" count="5" type="stmt"/>
      </file>
      <file name="parse-api.ts" path="/Users/shion.terunaga/Desktop/project/create-react-template/main-template/tanstack-router/tailwind/src/features/harry-potter/service/parse-api.ts">
        <metrics statements="8" coveredstatements="8" conditionals="6" coveredconditionals="6" methods="3" coveredmethods="3"/>
        <line num="11" count="4" type="stmt"/>
        <line num="12" count="4" type="stmt"/>
        <line num="13" count="4" type="stmt"/>
        <line num="14" count="6" type="stmt"/>
        <line num="23" count="3" type="stmt"/>
        <line num="25" count="3" type="stmt"/>
        <line num="42" count="3" type="stmt"/>
        <line num="45" count="4" type="stmt"/>
      </file>
    </package>
    <package name="services.fetcher-get">
      <metrics statements="35" coveredstatements="29" conditionals="21" coveredconditionals="15" methods="4" coveredmethods="4"/>
      <file name="fetcher.ts" path="/Users/shion.terunaga/Desktop/project/create-react-template/main-template/tanstack-router/tailwind/src/services/fetcher-get/fetcher.ts">
        <metrics statements="26" coveredstatements="21" conditionals="17" coveredconditionals="12" methods="2" coveredmethods="2"/>
        <line num="17" count="13" type="stmt"/>
        <line num="28" count="13" type="stmt"/>
        <line num="30" count="13" type="stmt"/>
        <line num="31" count="13" type="stmt"/>
        <line num="33" count="13" type="cond" truecount="2" falsecount="0"/>
        <line num="34" count="2" type="stmt"/>
        <line num="37" count="11" type="stmt"/>
        <line num="38" count="11" type="stmt"/>
        <line num="42" count="11" type="cond" truecount="1" falsecount="1"/>
        <line num="43" count="0" type="stmt"/>
        <line num="46" count="11" type="cond" truecount="2" falsecount="0"/>
        <line num="47" count="4" type="stmt"/>
        <line num="49" count="4" type="cond" truecount="2" falsecount="3"/>
        <line num="51" count="0" type="stmt"/>
        <line num="53" count="0" type="stmt"/>
        <line num="55" count="0" type="stmt"/>
        <line num="57" count="3" type="stmt"/>
        <line num="59" count="1" type="stmt"/>
        <line num="63" count="7" type="stmt"/>
        <line num="65" count="7" type="stmt"/>
        <line num="67" count="7" type="cond" truecount="2" falsecount="0"/>
        <line num="68" count="3" type="stmt"/>
        <line num="71" count="4" type="stmt"/>
        <line num="73" count="4" type="cond" truecount="3" falsecount="1"/>
        <line num="74" count="0" type="stmt"/>
        <line num="77" count="4" type="stmt"/>
      </file>
      <file name="has-no-parse-fetcher.ts" path="/Users/shion.terunaga/Desktop/project/create-react-template/main-template/tanstack-router/tailwind/src/services/fetcher-get/has-no-parse-fetcher.ts">
        <metrics statements="1" coveredstatements="1" conditionals="0" coveredconditionals="0" methods="1" coveredmethods="1"/>
        <line num="16" count="2" type="stmt"/>
      </file>
      <file name="has-parse-fetcher.ts" path="/Users/shion.terunaga/Desktop/project/create-react-template/main-template/tanstack-router/tailwind/src/services/fetcher-get/has-parse-fetcher.ts">
        <metrics statements="8" coveredstatements="7" conditionals="4" coveredconditionals="3" methods="1" coveredmethods="1"/>
        <line num="18" count="7" type="stmt"/>
        <line num="19" count="7" type="stmt"/>
        <line num="21" count="7" type="stmt"/>
        <line num="27" count="7" type="cond" truecount="2" falsecount="0"/>
        <line num="28" count="5" type="stmt"/>
        <line num="31" count="2" type="cond" truecount="1" falsecount="1"/>
        <line num="32" count="0" type="stmt"/>
        <line num="35" count="2" type="stmt"/>
      </file>
      <file name="index.ts" path="/Users/shion.terunaga/Desktop/project/create-react-template/main-template/tanstack-router/tailwind/src/services/fetcher-get/index.ts">
        <metrics statements="0" coveredstatements="0" conditionals="0" coveredconditionals="0" methods="0" coveredmethods="0"/>
      </file>
    </package>
    <package name="shared.config">
      <metrics statements="1" coveredstatements="1" conditionals="0" coveredconditionals="0" methods="0" coveredmethods="0"/>
      <file name="config.ts" path="/Users/shion.terunaga/Desktop/project/create-react-template/main-template/tanstack-router/tailwind/src/shared/config/config.ts">
        <metrics statements="1" coveredstatements="1" conditionals="0" coveredconditionals="0" methods="0" coveredmethods="0"/>
        <line num="3" count="2" type="stmt"/>
      </file>
    </package>
    <package name="utils">
      <metrics statements="73" coveredstatements="70" conditionals="17" coveredconditionals="12" methods="25" coveredmethods="25"/>
      <file name="class-merger.ts" path="/Users/shion.terunaga/Desktop/project/create-react-template/main-template/tanstack-router/tailwind/src/utils/class-merger.ts">
        <metrics statements="8" coveredstatements="8" conditionals="4" coveredconditionals="4" methods="1" coveredmethods="1"/>
        <line num="2" count="3" type="stmt"/>
        <line num="3" count="3" type="stmt"/>
        <line num="5" count="3" type="stmt"/>
        <line num="6" count="8" type="cond" truecount="2" falsecount="0"/>
        <line num="8" count="7" type="cond" truecount="2" falsecount="0"/>
        <line num="9" count="6" type="stmt"/>
        <line num="10" count="6" type="stmt"/>
        <line num="14" count="3" type="stmt"/>
      </file>
      <file name="env-parse.ts" path="/Users/shion.terunaga/Desktop/project/create-react-template/main-template/tanstack-router/tailwind/src/utils/env-parse.ts">
        <metrics statements="2" coveredstatements="2" conditionals="0" coveredconditionals="0" methods="1" coveredmethods="1"/>
        <line num="4" count="4" type="stmt"/>
        <line num="6" count="4" type="stmt"/>
      </file>
      <file name="is.ts" path="/Users/shion.terunaga/Desktop/project/create-react-template/main-template/tanstack-router/tailwind/src/utils/is.ts">
        <metrics statements="2" coveredstatements="2" conditionals="0" coveredconditionals="0" methods="2" coveredmethods="2"/>
        <line num="2" count="16" type="stmt"/>
        <line num="6" count="6" type="stmt"/>
      </file>
      <file name="object.ts" path="/Users/shion.terunaga/Desktop/project/create-react-template/main-template/tanstack-router/tailwind/src/utils/object.ts">
        <metrics statements="11" coveredstatements="10" conditionals="9" coveredconditionals="4" methods="6" coveredmethods="6"/>
        <line num="12" count="2" type="cond" truecount="2" falsecount="3"/>
        <line num="23" count="1" type="stmt"/>
        <line num="30" count="1" type="stmt"/>
        <line num="31" count="3" type="stmt"/>
        <line num="34" count="1" type="stmt"/>
        <line num="35" count="1" type="stmt"/>
        <line num="36" count="2" type="cond" truecount="1" falsecount="1"/>
        <line num="37" count="2" type="stmt"/>
        <line num="41" count="1" type="cond" truecount="1" falsecount="1"/>
        <line num="42" count="0" type="stmt"/>
        <line num="45" count="1" type="stmt"/>
      </file>
      <file name="option.ts" path="/Users/shion.terunaga/Desktop/project/create-react-template/main-template/tanstack-router/tailwind/src/utils/option.ts">
        <metrics statements="16" coveredstatements="16" conditionals="4" coveredconditionals="4" methods="6" coveredmethods="6"/>
        <line num="3" count="7" type="stmt"/>
        <line num="19" count="7" type="stmt"/>
        <line num="20" count="7" type="stmt"/>
        <line num="22" count="7" type="stmt"/>
        <line num="23" count="34" type="stmt"/>
        <line num="29" count="7" type="stmt"/>
        <line num="30" count="14" type="stmt"/>
        <line num="35" count="7" type="stmt"/>
        <line num="38" count="7" type="cond" truecount="4" falsecount="0"/>
        <line num="39" count="3" type="stmt"/>
        <line num="42" count="4" type="stmt"/>
        <line num="45" count="7" type="stmt"/>
        <line num="48" count="3" type="stmt"/>
        <line num="51" count="7" type="stmt"/>
        <line num="52" count="17" type="stmt"/>
        <line num="55" count="7" type="stmt"/>
      </file>
      <file name="result.ts" path="/Users/shion.terunaga/Desktop/project/create-react-template/main-template/tanstack-router/tailwind/src/utils/result.ts">
        <metrics statements="34" coveredstatements="32" conditionals="0" coveredconditionals="0" methods="9" coveredmethods="9"/>
        <line num="1" count="6" type="stmt"/>
        <line num="36" count="6" type="stmt"/>
        <line num="44" count="6" type="stmt"/>
        <line num="45" count="6" type="stmt"/>
        <line num="47" count="6" type="stmt"/>
        <line num="51" count="6" type="stmt"/>
        <line num="55" count="13" type="stmt"/>
        <line num="56" count="13" type="stmt"/>
        <line num="58" count="12" type="stmt"/>
        <line num="60" count="1" type="stmt"/>
        <line num="64" count="6" type="stmt"/>
        <line num="68" count="1" type="stmt"/>
        <line num="69" count="1" type="stmt"/>
        <line num="71" count="1" type="stmt"/>
        <line num="73" count="0" type="stmt"/>
        <line num="77" count="6" type="stmt"/>
        <line num="81" count="2" type="stmt"/>
        <line num="82" count="2" type="stmt"/>
        <line num="84" count="2" type="stmt"/>
        <line num="86" count="1" type="stmt"/>
        <line num="90" count="6" type="stmt"/>
        <line num="94" count="1" type="stmt"/>
        <line num="95" count="1" type="stmt"/>
        <line num="97" count="1" type="stmt"/>
        <line num="99" count="0" type="stmt"/>
        <line num="103" count="6" type="stmt"/>
        <line num="106" count="14" type="stmt"/>
        <line num="109" count="6" type="stmt"/>
        <line num="112" count="25" type="stmt"/>
        <line num="115" count="6" type="stmt"/>
        <line num="116" count="26" type="stmt"/>
        <line num="122" count="6" type="stmt"/>
        <line num="123" count="13" type="stmt"/>
        <line num="129" count="6" type="stmt"/>
      </file>
    </package>
    <package name="utils.error.fetcher">
      <metrics statements="21" coveredstatements="21" conditionals="0" coveredconditionals="0" methods="8" coveredmethods="8"/>
      <file name="fetcher-error.ts" path="/Users/shion.terunaga/Desktop/project/create-react-template/main-template/tanstack-router/tailwind/src/utils/error/fetcher/fetcher-error.ts">
        <metrics statements="16" coveredstatements="16" conditionals="0" coveredconditionals="0" methods="7" coveredmethods="7"/>
        <line num="11" count="6" type="stmt"/>
        <line num="17" count="6" type="stmt"/>
        <line num="22" count="6" type="stmt"/>
        <line num="24" count="6" type="stmt"/>
        <line num="31" count="30" type="stmt"/>
        <line num="38" count="6" type="stmt"/>
        <line num="39" count="6" type="stmt"/>
        <line num="44" count="6" type="stmt"/>
        <line num="45" count="6" type="stmt"/>
        <line num="51" count="6" type="stmt"/>
        <line num="52" count="6" type="stmt"/>
        <line num="58" count="6" type="stmt"/>
        <line num="59" count="6" type="stmt"/>
        <line num="65" count="6" type="stmt"/>
        <line num="66" count="6" type="stmt"/>
        <line num="72" count="6" type="stmt"/>
      </file>
      <file name="fetcher-scheme.ts" path="/Users/shion.terunaga/Desktop/project/create-react-template/main-template/tanstack-router/tailwind/src/utils/error/fetcher/fetcher-scheme.ts">
        <metrics statements="5" coveredstatements="5" conditionals="0" coveredconditionals="0" methods="1" coveredmethods="1"/>
        <line num="39" count="6" type="stmt"/>
        <line num="41" count="6" type="stmt"/>
        <line num="44" count="6" type="stmt"/>
        <line num="54" count="6" type="stmt"/>
        <line num="62" count="6" type="stmt"/>
      </file>
      <file name="index.ts" path="/Users/shion.terunaga/Desktop/project/create-react-template/main-template/tanstack-router/tailwind/src/utils/error/fetcher/index.ts">
        <metrics statements="0" coveredstatements="0" conditionals="0" coveredconditionals="0" methods="0" coveredmethods="0"/>
      </file>
    </package>
    <package name="utils.error.http">
      <metrics statements="18" coveredstatements="18" conditionals="0" coveredconditionals="0" methods="7" coveredmethods="7"/>
      <file name="http-scheme.ts" path="/Users/shion.terunaga/Desktop/project/create-react-template/main-template/tanstack-router/tailwind/src/utils/error/http/http-scheme.ts">
        <metrics statements="5" coveredstatements="5" conditionals="0" coveredconditionals="0" methods="1" coveredmethods="1"/>
        <line num="42" count="8" type="stmt"/>
        <line num="44" count="8" type="stmt"/>
        <line num="51" count="8" type="stmt"/>
        <line num="59" count="8" type="stmt"/>
        <line num="66" count="8" type="stmt"/>
      </file>
      <file name="http.ts" path="/Users/shion.terunaga/Desktop/project/create-react-template/main-template/tanstack-router/tailwind/src/utils/error/http/http.ts">
        <metrics statements="13" coveredstatements="13" conditionals="0" coveredconditionals="0" methods="6" coveredmethods="6"/>
        <line num="12" count="8" type="stmt"/>
        <line num="13" count="8" type="stmt"/>
        <line num="15" count="8" type="stmt"/>
        <line num="22" count="32" type="stmt"/>
        <line num="29" count="8" type="stmt"/>
        <line num="30" count="8" type="stmt"/>
        <line num="36" count="8" type="stmt"/>
        <line num="37" count="8" type="stmt"/>
        <line num="43" count="8" type="stmt"/>
        <line num="44" count="8" type="stmt"/>
        <line num="50" count="8" type="stmt"/>
        <line num="51" count="8" type="stmt"/>
        <line num="57" count="8" type="stmt"/>
      </file>
      <file name="index.ts" path="/Users/shion.terunaga/Desktop/project/create-react-template/main-template/tanstack-router/tailwind/src/utils/error/http/index.ts">
        <metrics statements="0" coveredstatements="0" conditionals="0" coveredconditionals="0" methods="0" coveredmethods="0"/>
      </file>
    </package>
  </project>
</coverage>
