{
    "/Users/shion.terunaga/Desktop/project/create-react-template/main-template/tanstack-router/tailwind/src/features/harry-potter/index.ts": {
        "path": "/Users/shion.terunaga/Desktop/project/create-react-template/main-template/tanstack-router/tailwind/src/features/harry-potter/index.ts",
        "statementMap": {},
        "fnMap": {},
        "branchMap": {},
        "s": {},
        "f": {},
        "b": {},
        "meta": {
            "lastBranch": 0,
            "lastFunction": 0,
            "lastStatement": 0,
            "seen": {}
        }
    },
    "/Users/shion.terunaga/Desktop/project/create-react-template/main-template/tanstack-router/tailwind/src/features/harry-potter/hooks/characters.type.ts": {
        "path": "/Users/shion.terunaga/Desktop/project/create-react-template/main-template/tanstack-router/tailwind/src/features/harry-potter/hooks/characters.type.ts",
        "statementMap": {},
        "fnMap": {},
        "branchMap": {},
        "s": {},
        "f": {},
        "b": {},
        "meta": {
            "lastBranch": 0,
            "lastFunction": 0,
            "lastStatement": 0,
            "seen": {}
        }
    },
    "/Users/shion.terunaga/Desktop/project/create-react-template/main-template/tanstack-router/tailwind/src/features/harry-potter/hooks/single-page-characters.ts": {
        "path": "/Users/shion.terunaga/Desktop/project/create-react-template/main-template/tanstack-router/tailwind/src/features/harry-potter/hooks/single-page-characters.ts",
        "statementMap": {
            "0": {
                "start": { "line": 11, "column": 45 },
                "end": { "line": 11, "column": null }
            },
            "1": {
                "start": { "line": 12, "column": 19 },
                "end": { "line": 12, "column": null }
            },
            "2": {
                "start": { "line": 14, "column": 42 },
                "end": { "line": 15, "column": null }
            },
            "3": {
                "start": { "line": 17, "column": 24 },
                "end": { "line": 17, "column": null }
            },
            "4": {
                "start": { "line": 19, "column": 2 },
                "end": { "line": 43, "column": null }
            },
            "5": {
                "start": { "line": 20, "column": 20 },
                "end": { "line": 20, "column": null }
            },
            "6": {
                "start": { "line": 22, "column": 5 },
                "end": { "line": 38, "column": null }
            },
            "7": {
                "start": { "line": 23, "column": 21 },
                "end": { "line": 23, "column": null }
            },
            "8": {
                "start": { "line": 26, "column": 6 },
                "end": { "line": 26, "column": null }
            },
            "9": {
                "start": { "line": 26, "column": 22 },
                "end": { "line": 26, "column": null }
            },
            "10": {
                "start": { "line": 28, "column": 6 },
                "end": { "line": 31, "column": null }
            },
            "11": {
                "start": { "line": 29, "column": 8 },
                "end": { "line": 29, "column": null }
            },
            "12": {
                "start": { "line": 30, "column": 8 },
                "end": { "line": 30, "column": null }
            },
            "13": {
                "start": { "line": 33, "column": 6 },
                "end": { "line": 35, "column": null }
            },
            "14": {
                "start": { "line": 34, "column": 8 },
                "end": { "line": 34, "column": null }
            },
            "15": {
                "start": { "line": 37, "column": 6 },
                "end": { "line": 37, "column": null }
            },
            "16": {
                "start": { "line": 40, "column": 4 },
                "end": { "line": 42, "column": null }
            },
            "17": {
                "start": { "line": 41, "column": 6 },
                "end": { "line": 41, "column": null }
            },
            "18": {
                "start": { "line": 45, "column": 8 },
                "end": { "line": 47, "column": null }
            },
            "19": {
                "start": { "line": 46, "column": 4 },
                "end": { "line": 46, "column": null }
            },
            "20": {
                "start": { "line": 49, "column": 8 },
                "end": { "line": 62, "column": null }
            },
            "21": {
                "start": { "line": 50, "column": 4 },
                "end": { "line": 52, "column": null }
            },
            "22": {
                "start": { "line": 51, "column": 6 },
                "end": { "line": 51, "column": null }
            },
            "23": {
                "start": { "line": 55, "column": 6 },
                "end": { "line": 59, "column": null }
            },
            "24": {
                "start": { "line": 55, "column": 42 },
                "end": { "line": 59, "column": 8 }
            },
            "25": {
                "start": { "line": 61, "column": 4 },
                "end": { "line": 61, "column": null }
            },
            "26": {
                "start": { "line": 64, "column": 2 },
                "end": { "line": 68, "column": null }
            }
        },
        "fnMap": {
            "0": {
                "name": "useSinglePageCharacters",
                "decl": {
                    "start": { "line": 10, "column": 16 },
                    "end": { "line": 10, "column": 42 }
                },
                "loc": {
                    "start": { "line": 10, "column": 42 },
                    "end": { "line": 69, "column": null }
                },
                "line": 10
            },
            "1": {
                "name": "(anonymous_1)",
                "decl": {
                    "start": { "line": 19, "column": 12 },
                    "end": { "line": 19, "column": 18 }
                },
                "loc": {
                    "start": { "line": 19, "column": 18 },
                    "end": { "line": 43, "column": 5 }
                },
                "line": 19
            },
            "2": {
                "name": "(anonymous_2)",
                "decl": {
                    "start": { "line": 22, "column": 6 },
                    "end": { "line": 22, "column": 18 }
                },
                "loc": {
                    "start": { "line": 22, "column": 18 },
                    "end": { "line": 38, "column": 7 }
                },
                "line": 22
            },
            "3": {
                "name": "(anonymous_3)",
                "decl": {
                    "start": { "line": 40, "column": 11 },
                    "end": { "line": 40, "column": 17 }
                },
                "loc": {
                    "start": { "line": 40, "column": 17 },
                    "end": { "line": 42, "column": null }
                },
                "line": 40
            },
            "4": {
                "name": "(anonymous_4)",
                "decl": {
                    "start": { "line": 45, "column": 37 },
                    "end": { "line": 45, "column": 43 }
                },
                "loc": {
                    "start": { "line": 45, "column": 43 },
                    "end": { "line": 47, "column": 5 }
                },
                "line": 45
            },
            "5": {
                "name": "(anonymous_5)",
                "decl": {
                    "start": { "line": 49, "column": 61 },
                    "end": { "line": 49, "column": 67 }
                },
                "loc": {
                    "start": { "line": 49, "column": 67 },
                    "end": { "line": 62, "column": 5 }
                },
                "line": 49
            },
            "6": {
                "name": "(anonymous_6)",
                "decl": {
                    "start": { "line": 55, "column": 31 },
                    "end": { "line": 55, "column": 32 }
                },
                "loc": {
                    "start": { "line": 55, "column": 42 },
                    "end": { "line": 59, "column": 8 }
                },
                "line": 55
            }
        },
        "branchMap": {
            "0": {
                "loc": {
                    "start": { "line": 26, "column": 6 },
                    "end": { "line": 26, "column": null }
                },
                "type": "if",
                "locations": [
                    {
                        "start": { "line": 26, "column": 6 },
                        "end": { "line": 26, "column": null }
                    },
                    { "start": {}, "end": {} }
                ],
                "line": 26
            },
            "1": {
                "loc": {
                    "start": { "line": 28, "column": 6 },
                    "end": { "line": 31, "column": null }
                },
                "type": "if",
                "locations": [
                    {
                        "start": { "line": 28, "column": 6 },
                        "end": { "line": 31, "column": null }
                    },
                    { "start": {}, "end": {} }
                ],
                "line": 28
            },
            "2": {
                "loc": {
                    "start": { "line": 33, "column": 6 },
                    "end": { "line": 35, "column": null }
                },
                "type": "if",
                "locations": [
                    {
                        "start": { "line": 33, "column": 6 },
                        "end": { "line": 35, "column": null }
                    },
                    { "start": {}, "end": {} }
                ],
                "line": 33
            },
            "3": {
                "loc": {
                    "start": { "line": 46, "column": 11 },
                    "end": { "line": 46, "column": null }
                },
                "type": "binary-expr",
                "locations": [
                    {
                        "start": { "line": 46, "column": 11 },
                        "end": { "line": 46, "column": 37 }
                    },
                    {
                        "start": { "line": 46, "column": 37 },
                        "end": { "line": 46, "column": null }
                    }
                ],
                "line": 46
            },
            "4": {
                "loc": {
                    "start": { "line": 50, "column": 4 },
                    "end": { "line": 52, "column": null }
                },
                "type": "if",
                "locations": [
                    {
                        "start": { "line": 50, "column": 4 },
                        "end": { "line": 52, "column": null }
                    },
                    { "start": {}, "end": {} }
                ],
                "line": 50
            }
        },
        "s": {
            "0": 0,
            "1": 0,
            "2": 0,
            "3": 0,
            "4": 0,
            "5": 0,
            "6": 0,
            "7": 0,
            "8": 0,
            "9": 0,
            "10": 0,
            "11": 0,
            "12": 0,
            "13": 0,
            "14": 0,
            "15": 0,
            "16": 0,
            "17": 0,
            "18": 0,
            "19": 0,
            "20": 0,
            "21": 0,
            "22": 0,
            "23": 0,
            "24": 0,
            "25": 0,
            "26": 0
        },
        "f": { "0": 0, "1": 0, "2": 0, "3": 0, "4": 0, "5": 0, "6": 0 },
        "b": {
            "0": [0, 0],
            "1": [0, 0],
            "2": [0, 0],
            "3": [0, 0],
            "4": [0, 0]
        },
        "meta": {
            "lastBranch": 5,
            "lastFunction": 7,
            "lastStatement": 27,
            "seen": {
                "f:10:16:10:42": 0,
                "s:11:45:11:Infinity": 0,
                "s:12:19:12:Infinity": 1,
                "s:14:42:15:Infinity": 2,
                "s:17:24:17:Infinity": 3,
                "s:19:2:43:Infinity": 4,
                "f:19:12:19:18": 1,
                "s:20:20:20:Infinity": 5,
                "s:22:5:38:Infinity": 6,
                "f:22:6:22:18": 2,
                "s:23:21:23:Infinity": 7,
                "b:26:6:26:Infinity:undefined:undefined:undefined:undefined": 0,
                "s:26:6:26:Infinity": 8,
                "s:26:22:26:Infinity": 9,
                "b:28:6:31:Infinity:undefined:undefined:undefined:undefined": 1,
                "s:28:6:31:Infinity": 10,
                "s:29:8:29:Infinity": 11,
                "s:30:8:30:Infinity": 12,
                "b:33:6:35:Infinity:undefined:undefined:undefined:undefined": 2,
                "s:33:6:35:Infinity": 13,
                "s:34:8:34:Infinity": 14,
                "s:37:6:37:Infinity": 15,
                "s:40:4:42:Infinity": 16,
                "f:40:11:40:17": 3,
                "s:41:6:41:Infinity": 17,
                "s:45:8:47:Infinity": 18,
                "f:45:37:45:43": 4,
                "s:46:4:46:Infinity": 19,
                "b:46:11:46:37:46:37:46:Infinity": 3,
                "s:49:8:62:Infinity": 20,
                "f:49:61:49:67": 5,
                "b:50:4:52:Infinity:undefined:undefined:undefined:undefined": 4,
                "s:50:4:52:Infinity": 21,
                "s:51:6:51:Infinity": 22,
                "s:55:6:59:Infinity": 23,
                "f:55:31:55:32": 6,
                "s:55:42:59:8": 24,
                "s:61:4:61:Infinity": 25,
                "s:64:2:68:Infinity": 26
            }
        }
    },
    "/Users/shion.terunaga/Desktop/project/create-react-template/main-template/tanstack-router/tailwind/src/features/harry-potter/model/model-res.ts": {
        "path": "/Users/shion.terunaga/Desktop/project/create-react-template/main-template/tanstack-router/tailwind/src/features/harry-potter/model/model-res.ts",
        "statementMap": {
            "0": {
                "start": { "line": 3, "column": 25 },
                "end": { "line": 32, "column": null }
            }
        },
        "fnMap": {},
        "branchMap": {},
        "s": { "0": 2 },
        "f": {},
        "b": {},
        "meta": {
            "lastBranch": 0,
            "lastFunction": 0,
            "lastStatement": 1,
            "seen": { "s:3:25:32:Infinity": 0 }
        }
    },
    "/Users/shion.terunaga/Desktop/project/create-react-template/main-template/tanstack-router/tailwind/src/features/harry-potter/model/model-view.ts": {
        "path": "/Users/shion.terunaga/Desktop/project/create-react-template/main-template/tanstack-router/tailwind/src/features/harry-potter/model/model-view.ts",
        "statementMap": {},
        "fnMap": {},
        "branchMap": {},
        "s": {},
        "f": {},
        "b": {},
        "meta": {
            "lastBranch": 0,
            "lastFunction": 0,
            "lastStatement": 0,
            "seen": {}
        }
    },
    "/Users/shion.terunaga/Desktop/project/create-react-template/main-template/tanstack-router/tailwind/src/features/harry-potter/service/get-character.ts": {
        "path": "/Users/shion.terunaga/Desktop/project/create-react-template/main-template/tanstack-router/tailwind/src/features/harry-potter/service/get-character.ts",
        "statementMap": {
            "0": {
                "start": { "line": 13, "column": 2 },
                "end": { "line": 18, "column": null }
            }
        },
        "fnMap": {
            "0": {
                "name": "getCharacter",
                "decl": {
                    "start": { "line": 10, "column": 22 },
                    "end": { "line": 10, "column": null }
                },
                "loc": {
                    "start": { "line": 12, "column": 57 },
                    "end": { "line": 19, "column": null }
                },
                "line": 12
            }
        },
        "branchMap": {},
        "s": { "0": 5 },
        "f": { "0": 5 },
        "b": {},
        "meta": {
            "lastBranch": 0,
            "lastFunction": 1,
            "lastStatement": 1,
            "seen": { "f:10:22:10:Infinity": 0, "s:13:2:18:Infinity": 0 }
        }
    },
    "/Users/shion.terunaga/Desktop/project/create-react-template/main-template/tanstack-router/tailwind/src/features/harry-potter/service/parse-api.ts": {
        "path": "/Users/shion.terunaga/Desktop/project/create-react-template/main-template/tanstack-router/tailwind/src/features/harry-potter/service/parse-api.ts",
        "statementMap": {
            "0": {
                "start": { "line": 11, "column": 23 },
                "end": { "line": 11, "column": null }
            },
            "1": {
                "start": { "line": 12, "column": 37 },
                "end": { "line": 12, "column": null }
            },
            "2": {
                "start": { "line": 13, "column": 37 },
                "end": { "line": 43, "column": null }
            },
            "3": {
                "start": { "line": 14, "column": 22 },
                "end": { "line": 14, "column": 39 }
            },
            "4": {
                "start": { "line": 23, "column": 10 },
                "end": { "line": 23, "column": null }
            },
            "5": {
                "start": { "line": 25, "column": 29 },
                "end": { "line": 40, "column": null }
            },
            "6": {
                "start": { "line": 42, "column": 6 },
                "end": { "line": 42, "column": null }
            },
            "7": {
                "start": { "line": 45, "column": 2 },
                "end": { "line": 45, "column": null }
            }
        },
        "fnMap": {
            "0": {
                "name": "parseApi",
                "decl": {
                    "start": { "line": 8, "column": 16 },
                    "end": { "line": 8, "column": null }
                },
                "loc": {
                    "start": { "line": 10, "column": 48 },
                    "end": { "line": 46, "column": null }
                },
                "line": 10
            },
            "1": {
                "name": "(anonymous_1)",
                "decl": {
                    "start": { "line": 14, "column": 12 },
                    "end": { "line": 14, "column": 13 }
                },
                "loc": {
                    "start": { "line": 14, "column": 22 },
                    "end": { "line": 14, "column": 39 }
                },
                "line": 14
            },
            "2": {
                "name": "(anonymous_2)",
                "decl": {
                    "start": { "line": 15, "column": 9 },
                    "end": { "line": 15, "column": 10 }
                },
                "loc": {
                    "start": { "line": 15, "column": 19 },
                    "end": { "line": 43, "column": 5 }
                },
                "line": 15
            }
        },
        "branchMap": {
            "0": {
                "loc": {
                    "start": { "line": 29, "column": 8 },
                    "end": { "line": 31, "column": null }
                },
                "type": "cond-expr",
                "locations": [
                    {
                        "start": { "line": 30, "column": 12 },
                        "end": { "line": 30, "column": null }
                    },
                    {
                        "start": { "line": 31, "column": 12 },
                        "end": { "line": 31, "column": null }
                    }
                ],
                "line": 29
            },
            "1": {
                "loc": {
                    "start": { "line": 32, "column": 8 },
                    "end": { "line": 34, "column": null }
                },
                "type": "cond-expr",
                "locations": [
                    {
                        "start": { "line": 33, "column": 12 },
                        "end": { "line": 33, "column": null }
                    },
                    {
                        "start": { "line": 34, "column": 12 },
                        "end": { "line": 34, "column": null }
                    }
                ],
                "line": 32
            },
            "2": {
                "loc": {
                    "start": { "line": 38, "column": 10 },
                    "end": { "line": 38, "column": null }
                },
                "type": "cond-expr",
                "locations": [
                    {
                        "start": { "line": 38, "column": 40 },
                        "end": { "line": 38, "column": 55 }
                    },
                    {
                        "start": { "line": 38, "column": 55 },
                        "end": { "line": 38, "column": null }
                    }
                ],
                "line": 38
            }
        },
        "s": { "0": 4, "1": 4, "2": 4, "3": 6, "4": 3, "5": 3, "6": 3, "7": 4 },
        "f": { "0": 4, "1": 6, "2": 3 },
        "b": { "0": [1, 2], "1": [1, 2], "2": [1, 2] },
        "meta": {
            "lastBranch": 3,
            "lastFunction": 3,
            "lastStatement": 8,
            "seen": {
                "f:8:16:8:Infinity": 0,
                "s:11:23:11:Infinity": 0,
                "s:12:37:12:Infinity": 1,
                "s:13:37:43:Infinity": 2,
                "f:14:12:14:13": 1,
                "s:14:22:14:39": 3,
                "f:15:9:15:10": 2,
                "s:23:10:23:Infinity": 4,
                "s:25:29:40:Infinity": 5,
                "b:30:12:30:Infinity:31:12:31:Infinity": 0,
                "b:33:12:33:Infinity:34:12:34:Infinity": 1,
                "b:38:40:38:55:38:55:38:Infinity": 2,
                "s:42:6:42:Infinity": 6,
                "s:45:2:45:Infinity": 7
            }
        }
    },
    "/Users/shion.terunaga/Desktop/project/create-react-template/main-template/tanstack-router/tailwind/src/services/fetcher-get/fetcher.ts": {
        "path": "/Users/shion.terunaga/Desktop/project/create-react-template/main-template/tanstack-router/tailwind/src/services/fetcher-get/fetcher.ts",
        "statementMap": {
            "0": {
                "start": { "line": 17, "column": 4 },
                "end": { "line": 17, "column": null }
            },
            "1": {
                "start": { "line": 28, "column": 6 },
                "end": { "line": 28, "column": null }
            },
            "2": {
                "start": { "line": 30, "column": 45 },
                "end": { "line": 30, "column": null }
            },
            "3": {
                "start": { "line": 31, "column": 59 },
                "end": { "line": 31, "column": null }
            },
            "4": {
                "start": { "line": 33, "column": 2 },
                "end": { "line": 35, "column": null }
            },
            "5": {
                "start": { "line": 34, "column": 4 },
                "end": { "line": 34, "column": null }
            },
            "6": {
                "start": { "line": 37, "column": 14 },
                "end": { "line": 40, "column": null }
            },
            "7": {
                "start": { "line": 38, "column": 14 },
                "end": { "line": 38, "column": null }
            },
            "8": {
                "start": { "line": 42, "column": 2 },
                "end": { "line": 44, "column": null }
            },
            "9": {
                "start": { "line": 43, "column": 4 },
                "end": { "line": 43, "column": null }
            },
            "10": {
                "start": { "line": 46, "column": 2 },
                "end": { "line": 61, "column": null }
            },
            "11": {
                "start": { "line": 47, "column": 19 },
                "end": { "line": 47, "column": null }
            },
            "12": {
                "start": { "line": 49, "column": 4 },
                "end": { "line": 60, "column": null }
            },
            "13": {
                "start": { "line": 51, "column": 8 },
                "end": { "line": 51, "column": null }
            },
            "14": {
                "start": { "line": 53, "column": 8 },
                "end": { "line": 53, "column": null }
            },
            "15": {
                "start": { "line": 55, "column": 8 },
                "end": { "line": 55, "column": null }
            },
            "16": {
                "start": { "line": 57, "column": 8 },
                "end": { "line": 57, "column": null }
            },
            "17": {
                "start": { "line": 59, "column": 8 },
                "end": { "line": 59, "column": null }
            },
            "18": {
                "start": { "line": 63, "column": 19 },
                "end": { "line": 63, "column": null }
            },
            "19": {
                "start": { "line": 65, "column": 20 },
                "end": { "line": 65, "column": null }
            },
            "20": {
                "start": { "line": 67, "column": 2 },
                "end": { "line": 69, "column": null }
            },
            "21": {
                "start": { "line": 68, "column": 4 },
                "end": { "line": 68, "column": null }
            },
            "22": {
                "start": { "line": 71, "column": 18 },
                "end": { "line": 71, "column": null }
            },
            "23": {
                "start": { "line": 73, "column": 2 },
                "end": { "line": 75, "column": null }
            },
            "24": {
                "start": { "line": 74, "column": 4 },
                "end": { "line": 74, "column": null }
            },
            "25": {
                "start": { "line": 77, "column": 2 },
                "end": { "line": 77, "column": null }
            }
        },
        "fnMap": {
            "0": {
                "name": "fetcher",
                "decl": {
                    "start": { "line": 7, "column": 22 },
                    "end": { "line": 7, "column": 49 }
                },
                "loc": {
                    "start": { "line": 15, "column": 58 },
                    "end": { "line": 78, "column": null }
                },
                "line": 15
            },
            "1": {
                "name": "(anonymous_1)",
                "decl": {
                    "start": { "line": 38, "column": 8 },
                    "end": { "line": 38, "column": 14 }
                },
                "loc": {
                    "start": { "line": 38, "column": 14 },
                    "end": { "line": 38, "column": null }
                },
                "line": 38
            }
        },
        "branchMap": {
            "0": {
                "loc": {
                    "start": { "line": 33, "column": 2 },
                    "end": { "line": 35, "column": null }
                },
                "type": "if",
                "locations": [
                    {
                        "start": { "line": 33, "column": 2 },
                        "end": { "line": 35, "column": null }
                    },
                    { "start": {}, "end": {} }
                ],
                "line": 33
            },
            "1": {
                "loc": {
                    "start": { "line": 42, "column": 2 },
                    "end": { "line": 44, "column": null }
                },
                "type": "if",
                "locations": [
                    {
                        "start": { "line": 42, "column": 2 },
                        "end": { "line": 44, "column": null }
                    },
                    { "start": {}, "end": {} }
                ],
                "line": 42
            },
            "2": {
                "loc": {
                    "start": { "line": 46, "column": 2 },
                    "end": { "line": 61, "column": null }
                },
                "type": "if",
                "locations": [
                    {
                        "start": { "line": 46, "column": 2 },
                        "end": { "line": 61, "column": null }
                    },
                    { "start": {}, "end": {} }
                ],
                "line": 46
            },
            "3": {
                "loc": {
                    "start": { "line": 49, "column": 4 },
                    "end": { "line": 60, "column": null }
                },
                "type": "switch",
                "locations": [
                    {
                        "start": { "line": 50, "column": 6 },
                        "end": { "line": 51, "column": null }
                    },
                    {
                        "start": { "line": 52, "column": 6 },
                        "end": { "line": 53, "column": null }
                    },
                    {
                        "start": { "line": 54, "column": 6 },
                        "end": { "line": 55, "column": null }
                    },
                    {
                        "start": { "line": 56, "column": 6 },
                        "end": { "line": 57, "column": null }
                    },
                    {
                        "start": { "line": 58, "column": 6 },
                        "end": { "line": 59, "column": null }
                    }
                ],
                "line": 49
            },
            "4": {
                "loc": {
                    "start": { "line": 67, "column": 2 },
                    "end": { "line": 69, "column": null }
                },
                "type": "if",
                "locations": [
                    {
                        "start": { "line": 67, "column": 2 },
                        "end": { "line": 69, "column": null }
                    },
                    { "start": {}, "end": {} }
                ],
                "line": 67
            },
            "5": {
                "loc": {
                    "start": { "line": 73, "column": 2 },
                    "end": { "line": 75, "column": null }
                },
                "type": "if",
                "locations": [
                    {
                        "start": { "line": 73, "column": 2 },
                        "end": { "line": 75, "column": null }
                    },
                    { "start": {}, "end": {} }
                ],
                "line": 73
            },
            "6": {
                "loc": {
                    "start": { "line": 73, "column": 6 },
                    "end": { "line": 73, "column": 49 }
                },
                "type": "binary-expr",
                "locations": [
                    {
                        "start": { "line": 73, "column": 6 },
                        "end": { "line": 73, "column": 31 }
                    },
                    {
                        "start": { "line": 73, "column": 31 },
                        "end": { "line": 73, "column": 49 }
                    }
                ],
                "line": 73
            }
        },
        "s": {
            "0": 13,
            "1": 13,
            "2": 13,
            "3": 13,
            "4": 13,
            "5": 2,
            "6": 11,
            "7": 11,
            "8": 11,
            "9": 0,
            "10": 11,
            "11": 4,
            "12": 4,
            "13": 0,
            "14": 0,
            "15": 0,
            "16": 3,
            "17": 1,
            "18": 7,
            "19": 7,
            "20": 7,
            "21": 3,
            "22": 4,
            "23": 4,
            "24": 0,
            "25": 4
        },
        "f": { "0": 13, "1": 11 },
        "b": {
            "0": [2, 11],
            "1": [0, 11],
            "2": [4, 7],
            "3": [0, 0, 0, 3, 1],
            "4": [3, 4],
            "5": [0, 4],
            "6": [4, 4]
        },
        "meta": {
            "lastBranch": 7,
            "lastFunction": 2,
            "lastStatement": 26,
            "seen": {
                "f:7:22:7:49": 0,
                "s:17:4:17:Infinity": 0,
                "s:28:6:28:Infinity": 1,
                "s:30:45:30:Infinity": 2,
                "s:31:59:31:Infinity": 3,
                "b:33:2:35:Infinity:undefined:undefined:undefined:undefined": 0,
                "s:33:2:35:Infinity": 4,
                "s:34:4:34:Infinity": 5,
                "s:37:14:40:Infinity": 6,
                "f:38:8:38:14": 1,
                "s:38:14:38:Infinity": 7,
                "b:42:2:44:Infinity:undefined:undefined:undefined:undefined": 1,
                "s:42:2:44:Infinity": 8,
                "s:43:4:43:Infinity": 9,
                "b:46:2:61:Infinity:undefined:undefined:undefined:undefined": 2,
                "s:46:2:61:Infinity": 10,
                "s:47:19:47:Infinity": 11,
                "b:50:6:51:Infinity:52:6:53:Infinity:54:6:55:Infinity:56:6:57:Infinity:58:6:59:Infinity": 3,
                "s:49:4:60:Infinity": 12,
                "s:51:8:51:Infinity": 13,
                "s:53:8:53:Infinity": 14,
                "s:55:8:55:Infinity": 15,
                "s:57:8:57:Infinity": 16,
                "s:59:8:59:Infinity": 17,
                "s:63:19:63:Infinity": 18,
                "s:65:20:65:Infinity": 19,
                "b:67:2:69:Infinity:undefined:undefined:undefined:undefined": 4,
                "s:67:2:69:Infinity": 20,
                "s:68:4:68:Infinity": 21,
                "s:71:18:71:Infinity": 22,
                "b:73:2:75:Infinity:undefined:undefined:undefined:undefined": 5,
                "s:73:2:75:Infinity": 23,
                "b:73:6:73:31:73:31:73:49": 6,
                "s:74:4:74:Infinity": 24,
                "s:77:2:77:Infinity": 25
            }
        }
    },
    "/Users/shion.terunaga/Desktop/project/create-react-template/main-template/tanstack-router/tailwind/src/services/fetcher-get/has-no-parse-fetcher.ts": {
        "path": "/Users/shion.terunaga/Desktop/project/create-react-template/main-template/tanstack-router/tailwind/src/services/fetcher-get/has-no-parse-fetcher.ts",
        "statementMap": {
            "0": {
                "start": { "line": 16, "column": 2 },
                "end": { "line": 20, "column": null }
            }
        },
        "fnMap": {
            "0": {
                "name": "hasNoParseFetcher",
                "decl": {
                    "start": { "line": 7, "column": 22 },
                    "end": { "line": 7, "column": 61 }
                },
                "loc": {
                    "start": { "line": 15, "column": 54 },
                    "end": { "line": 21, "column": null }
                },
                "line": 15
            }
        },
        "branchMap": {},
        "s": { "0": 2 },
        "f": { "0": 2 },
        "b": {},
        "meta": {
            "lastBranch": 0,
            "lastFunction": 1,
            "lastStatement": 1,
            "seen": { "f:7:22:7:61": 0, "s:16:2:20:Infinity": 0 }
        }
    },
    "/Users/shion.terunaga/Desktop/project/create-react-template/main-template/tanstack-router/tailwind/src/services/fetcher-get/has-parse-fetcher.ts": {
        "path": "/Users/shion.terunaga/Desktop/project/create-react-template/main-template/tanstack-router/tailwind/src/services/fetcher-get/has-parse-fetcher.ts",
        "statementMap": {
            "0": {
                "start": { "line": 18, "column": 29 },
                "end": { "line": 18, "column": null }
            },
            "1": {
                "start": { "line": 19, "column": 33 },
                "end": { "line": 19, "column": null }
            },
            "2": {
                "start": { "line": 21, "column": 24 },
                "end": { "line": 25, "column": null }
            },
            "3": {
                "start": { "line": 27, "column": 2 },
                "end": { "line": 29, "column": null }
            },
            "4": {
                "start": { "line": 28, "column": 4 },
                "end": { "line": 28, "column": null }
            },
            "5": {
                "start": { "line": 31, "column": 2 },
                "end": { "line": 33, "column": null }
            },
            "6": {
                "start": { "line": 32, "column": 4 },
                "end": { "line": 32, "column": null }
            },
            "7": {
                "start": { "line": 35, "column": 2 },
                "end": { "line": 35, "column": null }
            }
        },
        "fnMap": {
            "0": {
                "name": "hasParseFetcher",
                "decl": {
                    "start": { "line": 7, "column": 22 },
                    "end": { "line": 7, "column": 60 }
                },
                "loc": {
                    "start": { "line": 17, "column": 45 },
                    "end": { "line": 36, "column": null }
                },
                "line": 17
            }
        },
        "branchMap": {
            "0": {
                "loc": {
                    "start": { "line": 27, "column": 2 },
                    "end": { "line": 29, "column": null }
                },
                "type": "if",
                "locations": [
                    {
                        "start": { "line": 27, "column": 2 },
                        "end": { "line": 29, "column": null }
                    },
                    { "start": {}, "end": {} }
                ],
                "line": 27
            },
            "1": {
                "loc": {
                    "start": { "line": 31, "column": 2 },
                    "end": { "line": 33, "column": null }
                },
                "type": "if",
                "locations": [
                    {
                        "start": { "line": 31, "column": 2 },
                        "end": { "line": 33, "column": null }
                    },
                    { "start": {}, "end": {} }
                ],
                "line": 31
            }
        },
        "s": { "0": 7, "1": 7, "2": 7, "3": 7, "4": 5, "5": 2, "6": 0, "7": 2 },
        "f": { "0": 7 },
        "b": { "0": [5, 2], "1": [0, 2] },
        "meta": {
            "lastBranch": 2,
            "lastFunction": 1,
            "lastStatement": 8,
            "seen": {
                "f:7:22:7:60": 0,
                "s:18:29:18:Infinity": 0,
                "s:19:33:19:Infinity": 1,
                "s:21:24:25:Infinity": 2,
                "b:27:2:29:Infinity:undefined:undefined:undefined:undefined": 0,
                "s:27:2:29:Infinity": 3,
                "s:28:4:28:Infinity": 4,
                "b:31:2:33:Infinity:undefined:undefined:undefined:undefined": 1,
                "s:31:2:33:Infinity": 5,
                "s:32:4:32:Infinity": 6,
                "s:35:2:35:Infinity": 7
            }
        }
    },
    "/Users/shion.terunaga/Desktop/project/create-react-template/main-template/tanstack-router/tailwind/src/services/fetcher-get/index.ts": {
        "path": "/Users/shion.terunaga/Desktop/project/create-react-template/main-template/tanstack-router/tailwind/src/services/fetcher-get/index.ts",
        "statementMap": {},
        "fnMap": {},
        "branchMap": {},
        "s": {},
        "f": {},
        "b": {},
        "meta": {
            "lastBranch": 0,
            "lastFunction": 0,
            "lastStatement": 0,
            "seen": {}
        }
    },
    "/Users/shion.terunaga/Desktop/project/create-react-template/main-template/tanstack-router/tailwind/src/shared/config/config.ts": {
        "path": "/Users/shion.terunaga/Desktop/project/create-react-template/main-template/tanstack-router/tailwind/src/shared/config/config.ts",
        "statementMap": {
            "0": {
                "start": { "line": 3, "column": 25 },
                "end": { "line": 5, "column": null }
            }
        },
        "fnMap": {},
        "branchMap": {},
        "s": { "0": 2 },
        "f": {},
        "b": {},
        "meta": {
            "lastBranch": 0,
            "lastFunction": 0,
            "lastStatement": 1,
            "seen": { "s:3:25:5:Infinity": 0 }
        }
    },
    "/Users/shion.terunaga/Desktop/project/create-react-template/main-template/tanstack-router/tailwind/src/utils/class-merger.ts": {
        "path": "/Users/shion.terunaga/Desktop/project/create-react-template/main-template/tanstack-router/tailwind/src/utils/class-merger.ts",
        "statementMap": {
            "0": {
                "start": { "line": 2, "column": 15 },
                "end": { "line": 2, "column": null }
            },
            "1": {
                "start": { "line": 3, "column": 24 },
                "end": { "line": 3, "column": null }
            },
            "2": {
                "start": { "line": 5, "column": 2 },
                "end": { "line": 12, "column": null }
            },
            "3": {
                "start": { "line": 6, "column": 4 },
                "end": { "line": 6, "column": null }
            },
            "4": {
                "start": { "line": 6, "column": 20 },
                "end": { "line": 6, "column": null }
            },
            "5": {
                "start": { "line": 8, "column": 4 },
                "end": { "line": 11, "column": null }
            },
            "6": {
                "start": { "line": 9, "column": 6 },
                "end": { "line": 9, "column": null }
            },
            "7": {
                "start": { "line": 10, "column": 6 },
                "end": { "line": 10, "column": null }
            },
            "8": {
                "start": { "line": 14, "column": 2 },
                "end": { "line": 14, "column": null }
            }
        },
        "fnMap": {
            "0": {
                "name": "classMerger",
                "decl": {
                    "start": { "line": 1, "column": 24 },
                    "end": { "line": 1, "column": 36 }
                },
                "loc": {
                    "start": { "line": 1, "column": 68 },
                    "end": { "line": 15, "column": null }
                },
                "line": 1
            }
        },
        "branchMap": {
            "0": {
                "loc": {
                    "start": { "line": 6, "column": 4 },
                    "end": { "line": 6, "column": null }
                },
                "type": "if",
                "locations": [
                    {
                        "start": { "line": 6, "column": 4 },
                        "end": { "line": 6, "column": null }
                    },
                    { "start": {}, "end": {} }
                ],
                "line": 6
            },
            "1": {
                "loc": {
                    "start": { "line": 8, "column": 4 },
                    "end": { "line": 11, "column": null }
                },
                "type": "if",
                "locations": [
                    {
                        "start": { "line": 8, "column": 4 },
                        "end": { "line": 11, "column": null }
                    },
                    { "start": {}, "end": {} }
                ],
                "line": 8
            }
        },
        "s": {
            "0": 3,
            "1": 3,
            "2": 3,
            "3": 8,
            "4": 1,
            "5": 7,
            "6": 6,
            "7": 6,
            "8": 3
        },
        "f": { "0": 3 },
        "b": { "0": [1, 7], "1": [6, 1] },
        "meta": {
            "lastBranch": 2,
            "lastFunction": 1,
            "lastStatement": 9,
            "seen": {
                "f:1:24:1:36": 0,
                "s:2:15:2:Infinity": 0,
                "s:3:24:3:Infinity": 1,
                "s:5:2:12:Infinity": 2,
                "b:6:4:6:Infinity:undefined:undefined:undefined:undefined": 0,
                "s:6:4:6:Infinity": 3,
                "s:6:20:6:Infinity": 4,
                "b:8:4:11:Infinity:undefined:undefined:undefined:undefined": 1,
                "s:8:4:11:Infinity": 5,
                "s:9:6:9:Infinity": 6,
                "s:10:6:10:Infinity": 7,
                "s:14:2:14:Infinity": 8
            }
        }
    },
    "/Users/shion.terunaga/Desktop/project/create-react-template/main-template/tanstack-router/tailwind/src/utils/env-parse.ts": {
        "path": "/Users/shion.terunaga/Desktop/project/create-react-template/main-template/tanstack-router/tailwind/src/utils/env-parse.ts",
        "statementMap": {
            "0": {
                "start": { "line": 4, "column": 31 },
                "end": { "line": 4, "column": null }
            },
            "1": {
                "start": { "line": 6, "column": 2 },
                "end": { "line": 6, "column": null }
            }
        },
        "fnMap": {
            "0": {
                "name": "envParse",
                "decl": {
                    "start": { "line": 3, "column": 16 },
                    "end": { "line": 3, "column": 25 }
                },
                "loc": {
                    "start": { "line": 3, "column": 66 },
                    "end": { "line": 7, "column": null }
                },
                "line": 3
            }
        },
        "branchMap": {},
        "s": { "0": 4, "1": 4 },
        "f": { "0": 4 },
        "b": {},
        "meta": {
            "lastBranch": 0,
            "lastFunction": 1,
            "lastStatement": 2,
            "seen": {
                "f:3:16:3:25": 0,
                "s:4:31:4:Infinity": 0,
                "s:6:2:6:Infinity": 1
            }
        }
    },
    "/Users/shion.terunaga/Desktop/project/create-react-template/main-template/tanstack-router/tailwind/src/utils/is.ts": {
        "path": "/Users/shion.terunaga/Desktop/project/create-react-template/main-template/tanstack-router/tailwind/src/utils/is.ts",
        "statementMap": {
            "0": {
                "start": { "line": 2, "column": 2 },
                "end": { "line": 2, "column": null }
            },
            "1": {
                "start": { "line": 6, "column": 2 },
                "end": { "line": 6, "column": null }
            }
        },
        "fnMap": {
            "0": {
                "name": "isNull",
                "decl": {
                    "start": { "line": 1, "column": 16 },
                    "end": { "line": 1, "column": 23 }
                },
                "loc": {
                    "start": { "line": 1, "column": 54 },
                    "end": { "line": 3, "column": null }
                },
                "line": 1
            },
            "1": {
                "name": "isUndefined",
                "decl": {
                    "start": { "line": 5, "column": 16 },
                    "end": { "line": 5, "column": 28 }
                },
                "loc": {
                    "start": { "line": 5, "column": 64 },
                    "end": { "line": 7, "column": null }
                },
                "line": 5
            }
        },
        "branchMap": {},
        "s": { "0": 16, "1": 6 },
        "f": { "0": 16, "1": 6 },
        "b": {},
        "meta": {
            "lastBranch": 0,
            "lastFunction": 2,
            "lastStatement": 2,
            "seen": {
                "f:1:16:1:23": 0,
                "s:2:2:2:Infinity": 0,
                "f:5:16:5:28": 1,
                "s:6:2:6:Infinity": 1
            }
        }
    },
    "/Users/shion.terunaga/Desktop/project/create-react-template/main-template/tanstack-router/tailwind/src/utils/object.ts": {
        "path": "/Users/shion.terunaga/Desktop/project/create-react-template/main-template/tanstack-router/tailwind/src/utils/object.ts",
        "statementMap": {
            "0": {
                "start": { "line": 12, "column": 2 },
                "end": { "line": 16, "column": null }
            },
            "1": {
                "start": { "line": 23, "column": 2 },
                "end": { "line": 23, "column": null }
            },
            "2": {
                "start": { "line": 23, "column": 29 },
                "end": { "line": 23, "column": 75 }
            },
            "3": {
                "start": { "line": 30, "column": 18 },
                "end": { "line": 32, "column": null }
            },
            "4": {
                "start": { "line": 31, "column": 4 },
                "end": { "line": 31, "column": null }
            },
            "5": {
                "start": { "line": 31, "column": 31 },
                "end": { "line": 31, "column": 48 }
            },
            "6": {
                "start": { "line": 34, "column": 37 },
                "end": { "line": 34, "column": null }
            },
            "7": {
                "start": { "line": 35, "column": 2 },
                "end": { "line": 39, "column": null }
            },
            "8": {
                "start": { "line": 36, "column": 4 },
                "end": { "line": 38, "column": null }
            },
            "9": {
                "start": { "line": 37, "column": 6 },
                "end": { "line": 37, "column": null }
            },
            "10": {
                "start": { "line": 41, "column": 2 },
                "end": { "line": 43, "column": null }
            },
            "11": {
                "start": { "line": 42, "column": 4 },
                "end": { "line": 42, "column": null }
            },
            "12": {
                "start": { "line": 45, "column": 2 },
                "end": { "line": 45, "column": null }
            }
        },
        "fnMap": {
            "0": {
                "name": "isKeyOf",
                "decl": {
                    "start": { "line": 8, "column": 16 },
                    "end": { "line": 8, "column": null }
                },
                "loc": {
                    "start": { "line": 11, "column": 18 },
                    "end": { "line": 17, "column": null }
                },
                "line": 11
            },
            "1": {
                "name": "isOmitObject",
                "decl": {
                    "start": { "line": 19, "column": 16 },
                    "end": { "line": 19, "column": null }
                },
                "loc": {
                    "start": { "line": 22, "column": 28 },
                    "end": { "line": 24, "column": null }
                },
                "line": 22
            },
            "2": {
                "name": "(anonymous_2)",
                "decl": {
                    "start": { "line": 23, "column": 20 },
                    "end": { "line": 23, "column": 21 }
                },
                "loc": {
                    "start": { "line": 23, "column": 29 },
                    "end": { "line": 23, "column": 75 }
                },
                "line": 23
            },
            "3": {
                "name": "omitElementObject",
                "decl": {
                    "start": { "line": 26, "column": 16 },
                    "end": { "line": 26, "column": null }
                },
                "loc": {
                    "start": { "line": 29, "column": 14 },
                    "end": { "line": 46, "column": null }
                },
                "line": 29
            },
            "4": {
                "name": "(anonymous_4)",
                "decl": {
                    "start": { "line": 30, "column": 45 },
                    "end": { "line": 30, "column": 46 }
                },
                "loc": {
                    "start": { "line": 30, "column": 54 },
                    "end": { "line": 32, "column": 3 }
                },
                "line": 30
            },
            "5": {
                "name": "(anonymous_5)",
                "decl": {
                    "start": { "line": 31, "column": 22 },
                    "end": { "line": 31, "column": 23 }
                },
                "loc": {
                    "start": { "line": 31, "column": 31 },
                    "end": { "line": 31, "column": 48 }
                },
                "line": 31
            }
        },
        "branchMap": {
            "0": {
                "loc": {
                    "start": { "line": 12, "column": 9 },
                    "end": { "line": 16, "column": null }
                },
                "type": "cond-expr",
                "locations": [
                    {
                        "start": { "line": 15, "column": 6 },
                        "end": { "line": 15, "column": null }
                    },
                    {
                        "start": { "line": 16, "column": 6 },
                        "end": { "line": 16, "column": null }
                    }
                ],
                "line": 12
            },
            "1": {
                "loc": {
                    "start": { "line": 12, "column": 9 },
                    "end": { "line": 14, "column": null }
                },
                "type": "binary-expr",
                "locations": [
                    {
                        "start": { "line": 12, "column": 9 },
                        "end": { "line": 12, "column": null }
                    },
                    {
                        "start": { "line": 13, "column": 4 },
                        "end": { "line": 13, "column": null }
                    },
                    {
                        "start": { "line": 14, "column": 4 },
                        "end": { "line": 14, "column": null }
                    }
                ],
                "line": 12
            },
            "2": {
                "loc": {
                    "start": { "line": 36, "column": 4 },
                    "end": { "line": 38, "column": null }
                },
                "type": "if",
                "locations": [
                    {
                        "start": { "line": 36, "column": 4 },
                        "end": { "line": 38, "column": null }
                    },
                    { "start": {}, "end": {} }
                ],
                "line": 36
            },
            "3": {
                "loc": {
                    "start": { "line": 41, "column": 2 },
                    "end": { "line": 43, "column": null }
                },
                "type": "if",
                "locations": [
                    {
                        "start": { "line": 41, "column": 2 },
                        "end": { "line": 43, "column": null }
                    },
                    { "start": {}, "end": {} }
                ],
                "line": 41
            }
        },
        "s": {
            "0": 2,
            "1": 1,
            "2": 1,
            "3": 1,
            "4": 3,
            "5": 3,
            "6": 1,
            "7": 1,
            "8": 2,
            "9": 2,
            "10": 1,
            "11": 0,
            "12": 1
        },
        "f": { "0": 2, "1": 1, "2": 1, "3": 1, "4": 3, "5": 3 },
        "b": { "0": [2, 0], "1": [2, 0, 0], "2": [2, 0], "3": [0, 1] },
        "meta": {
            "lastBranch": 4,
            "lastFunction": 6,
            "lastStatement": 13,
            "seen": {
                "f:8:16:8:Infinity": 0,
                "s:12:2:16:Infinity": 0,
                "b:15:6:15:Infinity:16:6:16:Infinity": 0,
                "b:12:9:12:Infinity:13:4:13:Infinity:14:4:14:Infinity": 1,
                "f:19:16:19:Infinity": 1,
                "s:23:2:23:Infinity": 1,
                "f:23:20:23:21": 2,
                "s:23:29:23:75": 2,
                "f:26:16:26:Infinity": 3,
                "s:30:18:32:Infinity": 3,
                "f:30:45:30:46": 4,
                "s:31:4:31:Infinity": 4,
                "f:31:22:31:23": 5,
                "s:31:31:31:48": 5,
                "s:34:37:34:Infinity": 6,
                "s:35:2:39:Infinity": 7,
                "b:36:4:38:Infinity:undefined:undefined:undefined:undefined": 2,
                "s:36:4:38:Infinity": 8,
                "s:37:6:37:Infinity": 9,
                "b:41:2:43:Infinity:undefined:undefined:undefined:undefined": 3,
                "s:41:2:43:Infinity": 10,
                "s:42:4:42:Infinity": 11,
                "s:45:2:45:Infinity": 12
            }
        }
    },
    "/Users/shion.terunaga/Desktop/project/create-react-template/main-template/tanstack-router/tailwind/src/utils/option.ts": {
        "path": "/Users/shion.terunaga/Desktop/project/create-react-template/main-template/tanstack-router/tailwind/src/utils/option.ts",
        "statementMap": {
            "0": {
                "start": { "line": 3, "column": 14 },
                "end": { "line": 6, "column": null }
            },
            "1": {
                "start": { "line": 19, "column": 13 },
                "end": { "line": 62, "column": null }
            },
            "2": {
                "start": { "line": 20, "column": 39 },
                "end": { "line": 20, "column": null }
            },
            "3": {
                "start": { "line": 22, "column": 21 },
                "end": { "line": 27, "column": null }
            },
            "4": {
                "start": { "line": 23, "column": 4 },
                "end": { "line": 26, "column": null }
            },
            "5": {
                "start": { "line": 29, "column": 21 },
                "end": { "line": 33, "column": null }
            },
            "6": {
                "start": { "line": 30, "column": 4 },
                "end": { "line": 32, "column": null }
            },
            "7": {
                "start": { "line": 35, "column": 27 },
                "end": { "line": 43, "column": null }
            },
            "8": {
                "start": { "line": 38, "column": 4 },
                "end": { "line": 40, "column": null }
            },
            "9": {
                "start": { "line": 39, "column": 6 },
                "end": { "line": 39, "column": null }
            },
            "10": {
                "start": { "line": 42, "column": 4 },
                "end": { "line": 42, "column": null }
            },
            "11": {
                "start": { "line": 45, "column": 17 },
                "end": { "line": 49, "column": null }
            },
            "12": {
                "start": { "line": 48, "column": 4 },
                "end": { "line": 48, "column": null }
            },
            "13": {
                "start": { "line": 51, "column": 17 },
                "end": { "line": 53, "column": null }
            },
            "14": {
                "start": { "line": 52, "column": 4 },
                "end": { "line": 52, "column": null }
            },
            "15": {
                "start": { "line": 55, "column": 2 },
                "end": { "line": 61, "column": null }
            }
        },
        "fnMap": {
            "0": {
                "name": "(anonymous_0)",
                "decl": {
                    "start": { "line": 19, "column": 30 },
                    "end": { "line": 19, "column": 42 }
                },
                "loc": {
                    "start": { "line": 19, "column": 42 },
                    "end": { "line": 62, "column": 3 }
                },
                "line": 19
            },
            "1": {
                "name": "(anonymous_1)",
                "decl": {
                    "start": { "line": 22, "column": 21 },
                    "end": { "line": 22, "column": 25 }
                },
                "loc": {
                    "start": { "line": 22, "column": 62 },
                    "end": { "line": 27, "column": null }
                },
                "line": 22
            },
            "2": {
                "name": "(anonymous_2)",
                "decl": {
                    "start": { "line": 29, "column": 21 },
                    "end": { "line": 29, "column": 42 }
                },
                "loc": {
                    "start": { "line": 29, "column": 42 },
                    "end": { "line": 33, "column": null }
                },
                "line": 29
            },
            "3": {
                "name": "(anonymous_3)",
                "decl": {
                    "start": { "line": 35, "column": 27 },
                    "end": { "line": 35, "column": null }
                },
                "loc": {
                    "start": { "line": 37, "column": 18 },
                    "end": { "line": 43, "column": null }
                },
                "line": 37
            },
            "4": {
                "name": "(anonymous_4)",
                "decl": {
                    "start": { "line": 45, "column": 17 },
                    "end": { "line": 45, "column": null }
                },
                "loc": {
                    "start": { "line": 47, "column": 23 },
                    "end": { "line": 49, "column": null }
                },
                "line": 47
            },
            "5": {
                "name": "(anonymous_5)",
                "decl": {
                    "start": { "line": 51, "column": 17 },
                    "end": { "line": 51, "column": 21 }
                },
                "loc": {
                    "start": { "line": 51, "column": 53 },
                    "end": { "line": 53, "column": null }
                },
                "line": 51
            }
        },
        "branchMap": {
            "0": {
                "loc": {
                    "start": { "line": 38, "column": 4 },
                    "end": { "line": 40, "column": null }
                },
                "type": "if",
                "locations": [
                    {
                        "start": { "line": 38, "column": 4 },
                        "end": { "line": 40, "column": null }
                    },
                    { "start": {}, "end": {} }
                ],
                "line": 38
            },
            "1": {
                "loc": {
                    "start": { "line": 38, "column": 4 },
                    "end": { "line": 38, "column": 45 }
                },
                "type": "binary-expr",
                "locations": [
                    {
                        "start": { "line": 38, "column": 4 },
                        "end": { "line": 38, "column": 25 }
                    },
                    {
                        "start": { "line": 38, "column": 20 },
                        "end": { "line": 38, "column": 45 }
                    }
                ],
                "line": 38
            }
        },
        "s": {
            "0": 7,
            "1": 7,
            "2": 7,
            "3": 7,
            "4": 34,
            "5": 7,
            "6": 14,
            "7": 7,
            "8": 7,
            "9": 3,
            "10": 4,
            "11": 7,
            "12": 3,
            "13": 7,
            "14": 17,
            "15": 7
        },
        "f": { "0": 7, "1": 34, "2": 14, "3": 7, "4": 3, "5": 17 },
        "b": { "0": [3, 4], "1": [7, 6] },
        "meta": {
            "lastBranch": 2,
            "lastFunction": 6,
            "lastStatement": 16,
            "seen": {
                "s:3:14:6:Infinity": 0,
                "s:19:13:62:Infinity": 1,
                "f:19:30:19:42": 0,
                "s:20:39:20:Infinity": 2,
                "s:22:21:27:Infinity": 3,
                "f:22:21:22:25": 1,
                "s:23:4:26:Infinity": 4,
                "s:29:21:33:Infinity": 5,
                "f:29:21:29:42": 2,
                "s:30:4:32:Infinity": 6,
                "s:35:27:43:Infinity": 7,
                "f:35:27:35:Infinity": 3,
                "b:38:4:40:Infinity:undefined:undefined:undefined:undefined": 0,
                "s:38:4:40:Infinity": 8,
                "b:38:4:38:25:38:20:38:45": 1,
                "s:39:6:39:Infinity": 9,
                "s:42:4:42:Infinity": 10,
                "s:45:17:49:Infinity": 11,
                "f:45:17:45:Infinity": 4,
                "s:48:4:48:Infinity": 12,
                "s:51:17:53:Infinity": 13,
                "f:51:17:51:21": 5,
                "s:52:4:52:Infinity": 14,
                "s:55:2:61:Infinity": 15
            }
        }
    },
    "/Users/shion.terunaga/Desktop/project/create-react-template/main-template/tanstack-router/tailwind/src/utils/result.ts": {
        "path": "/Users/shion.terunaga/Desktop/project/create-react-template/main-template/tanstack-router/tailwind/src/utils/result.ts",
        "statementMap": {
            "0": {
                "start": { "line": 1, "column": 14 },
                "end": { "line": 4, "column": null }
            },
            "1": {
                "start": { "line": 36, "column": 20 },
                "end": { "line": 36, "column": null }
            },
            "2": {
                "start": { "line": 44, "column": 13 },
                "end": { "line": 140, "column": null }
            },
            "3": {
                "start": { "line": 45, "column": 35 },
                "end": { "line": 45, "column": null }
            },
            "4": {
                "start": { "line": 47, "column": 21 },
                "end": { "line": 49, "column": null }
            },
            "5": {
                "start": { "line": 51, "column": 29 },
                "end": { "line": 62, "column": null }
            },
            "6": {
                "start": { "line": 55, "column": 4 },
                "end": { "line": 61, "column": null }
            },
            "7": {
                "start": { "line": 56, "column": 21 },
                "end": { "line": 56, "column": null }
            },
            "8": {
                "start": { "line": 58, "column": 6 },
                "end": { "line": 58, "column": null }
            },
            "9": {
                "start": { "line": 60, "column": 6 },
                "end": { "line": 60, "column": null }
            },
            "10": {
                "start": { "line": 64, "column": 27 },
                "end": { "line": 75, "column": null }
            },
            "11": {
                "start": { "line": 68, "column": 4 },
                "end": { "line": 74, "column": null }
            },
            "12": {
                "start": { "line": 69, "column": 6 },
                "end": { "line": 69, "column": null }
            },
            "13": {
                "start": { "line": 71, "column": 6 },
                "end": { "line": 71, "column": null }
            },
            "14": {
                "start": { "line": 73, "column": 6 },
                "end": { "line": 73, "column": null }
            },
            "15": {
                "start": { "line": 77, "column": 28 },
                "end": { "line": 88, "column": null }
            },
            "16": {
                "start": { "line": 81, "column": 4 },
                "end": { "line": 87, "column": null }
            },
            "17": {
                "start": { "line": 82, "column": 21 },
                "end": { "line": 82, "column": null }
            },
            "18": {
                "start": { "line": 84, "column": 6 },
                "end": { "line": 84, "column": null }
            },
            "19": {
                "start": { "line": 86, "column": 6 },
                "end": { "line": 86, "column": null }
            },
            "20": {
                "start": { "line": 90, "column": 26 },
                "end": { "line": 101, "column": null }
            },
            "21": {
                "start": { "line": 94, "column": 4 },
                "end": { "line": 100, "column": null }
            },
            "22": {
                "start": { "line": 95, "column": 6 },
                "end": { "line": 95, "column": null }
            },
            "23": {
                "start": { "line": 97, "column": 6 },
                "end": { "line": 97, "column": null }
            },
            "24": {
                "start": { "line": 99, "column": 6 },
                "end": { "line": 99, "column": null }
            },
            "25": {
                "start": { "line": 103, "column": 15 },
                "end": { "line": 107, "column": null }
            },
            "26": {
                "start": { "line": 106, "column": 4 },
                "end": { "line": 106, "column": null }
            },
            "27": {
                "start": { "line": 109, "column": 15 },
                "end": { "line": 113, "column": null }
            },
            "28": {
                "start": { "line": 112, "column": 4 },
                "end": { "line": 112, "column": null }
            },
            "29": {
                "start": { "line": 115, "column": 19 },
                "end": { "line": 120, "column": null }
            },
            "30": {
                "start": { "line": 116, "column": 4 },
                "end": { "line": 119, "column": null }
            },
            "31": {
                "start": { "line": 122, "column": 19 },
                "end": { "line": 127, "column": null }
            },
            "32": {
                "start": { "line": 123, "column": 4 },
                "end": { "line": 126, "column": null }
            },
            "33": {
                "start": { "line": 129, "column": 2 },
                "end": { "line": 139, "column": null }
            }
        },
        "fnMap": {
            "0": {
                "name": "(anonymous_0)",
                "decl": {
                    "start": { "line": 44, "column": 30 },
                    "end": { "line": 44, "column": 42 }
                },
                "loc": {
                    "start": { "line": 44, "column": 42 },
                    "end": { "line": 140, "column": 3 }
                },
                "line": 44
            },
            "1": {
                "name": "(anonymous_1)",
                "decl": {
                    "start": { "line": 51, "column": 29 },
                    "end": { "line": 51, "column": 42 }
                },
                "loc": {
                    "start": { "line": 54, "column": 57 },
                    "end": { "line": 62, "column": null }
                },
                "line": 54
            },
            "2": {
                "name": "(anonymous_2)",
                "decl": {
                    "start": { "line": 64, "column": 27 },
                    "end": { "line": 64, "column": 37 }
                },
                "loc": {
                    "start": { "line": 67, "column": 55 },
                    "end": { "line": 75, "column": null }
                },
                "line": 67
            },
            "3": {
                "name": "(anonymous_3)",
                "decl": {
                    "start": { "line": 77, "column": 28 },
                    "end": { "line": 77, "column": 35 }
                },
                "loc": {
                    "start": { "line": 80, "column": 47 },
                    "end": { "line": 88, "column": null }
                },
                "line": 80
            },
            "4": {
                "name": "(anonymous_4)",
                "decl": {
                    "start": { "line": 90, "column": 26 },
                    "end": { "line": 90, "column": 30 }
                },
                "loc": {
                    "start": { "line": 93, "column": 45 },
                    "end": { "line": 101, "column": null }
                },
                "line": 93
            },
            "5": {
                "name": "(anonymous_5)",
                "decl": {
                    "start": { "line": 103, "column": 15 },
                    "end": { "line": 103, "column": null }
                },
                "loc": {
                    "start": { "line": 105, "column": 21 },
                    "end": { "line": 107, "column": null }
                },
                "line": 105
            },
            "6": {
                "name": "(anonymous_6)",
                "decl": {
                    "start": { "line": 109, "column": 15 },
                    "end": { "line": 109, "column": null }
                },
                "loc": {
                    "start": { "line": 111, "column": 21 },
                    "end": { "line": 113, "column": null }
                },
                "line": 111
            },
            "7": {
                "name": "(anonymous_7)",
                "decl": {
                    "start": { "line": 115, "column": 19 },
                    "end": { "line": 115, "column": 23 }
                },
                "loc": {
                    "start": { "line": 115, "column": 67 },
                    "end": { "line": 120, "column": null }
                },
                "line": 115
            },
            "8": {
                "name": "(anonymous_8)",
                "decl": {
                    "start": { "line": 122, "column": 19 },
                    "end": { "line": 122, "column": 23 }
                },
                "loc": {
                    "start": { "line": 122, "column": 65 },
                    "end": { "line": 127, "column": null }
                },
                "line": 122
            }
        },
        "branchMap": {},
        "s": {
            "0": 6,
            "1": 6,
            "2": 6,
            "3": 6,
            "4": 6,
            "5": 6,
            "6": 13,
            "7": 13,
            "8": 12,
            "9": 1,
            "10": 6,
            "11": 1,
            "12": 1,
            "13": 1,
            "14": 0,
            "15": 6,
            "16": 2,
            "17": 2,
            "18": 2,
            "19": 1,
            "20": 6,
            "21": 1,
            "22": 1,
            "23": 1,
            "24": 0,
            "25": 6,
            "26": 14,
            "27": 6,
            "28": 25,
            "29": 6,
            "30": 26,
            "31": 6,
            "32": 13,
            "33": 6
        },
        "f": {
            "0": 6,
            "1": 13,
            "2": 1,
            "3": 2,
            "4": 1,
            "5": 14,
            "6": 25,
            "7": 26,
            "8": 13
        },
        "b": {},
        "meta": {
            "lastBranch": 0,
            "lastFunction": 9,
            "lastStatement": 34,
            "seen": {
                "s:1:14:4:Infinity": 0,
                "s:36:20:36:Infinity": 1,
                "s:44:13:140:Infinity": 2,
                "f:44:30:44:42": 0,
                "s:45:35:45:Infinity": 3,
                "s:47:21:49:Infinity": 4,
                "s:51:29:62:Infinity": 5,
                "f:51:29:51:42": 1,
                "s:55:4:61:Infinity": 6,
                "s:56:21:56:Infinity": 7,
                "s:58:6:58:Infinity": 8,
                "s:60:6:60:Infinity": 9,
                "s:64:27:75:Infinity": 10,
                "f:64:27:64:37": 2,
                "s:68:4:74:Infinity": 11,
                "s:69:6:69:Infinity": 12,
                "s:71:6:71:Infinity": 13,
                "s:73:6:73:Infinity": 14,
                "s:77:28:88:Infinity": 15,
                "f:77:28:77:35": 3,
                "s:81:4:87:Infinity": 16,
                "s:82:21:82:Infinity": 17,
                "s:84:6:84:Infinity": 18,
                "s:86:6:86:Infinity": 19,
                "s:90:26:101:Infinity": 20,
                "f:90:26:90:30": 4,
                "s:94:4:100:Infinity": 21,
                "s:95:6:95:Infinity": 22,
                "s:97:6:97:Infinity": 23,
                "s:99:6:99:Infinity": 24,
                "s:103:15:107:Infinity": 25,
                "f:103:15:103:Infinity": 5,
                "s:106:4:106:Infinity": 26,
                "s:109:15:113:Infinity": 27,
                "f:109:15:109:Infinity": 6,
                "s:112:4:112:Infinity": 28,
                "s:115:19:120:Infinity": 29,
                "f:115:19:115:23": 7,
                "s:116:4:119:Infinity": 30,
                "s:122:19:127:Infinity": 31,
                "f:122:19:122:23": 8,
                "s:123:4:126:Infinity": 32,
                "s:129:2:139:Infinity": 33
            }
        }
    },
    "/Users/shion.terunaga/Desktop/project/create-react-template/main-template/tanstack-router/tailwind/src/utils/error/fetcher/fetcher-error.ts": {
        "path": "/Users/shion.terunaga/Desktop/project/create-react-template/main-template/tanstack-router/tailwind/src/utils/error/fetcher/fetcher-error.ts",
        "statementMap": {
            "0": {
                "start": { "line": 11, "column": 13 },
                "end": { "line": 84, "column": null }
            },
            "1": {
                "start": { "line": 17, "column": 6 },
                "end": { "line": 17, "column": null }
            },
            "2": {
                "start": { "line": 22, "column": 6 },
                "end": { "line": 22, "column": null }
            },
            "3": {
                "start": { "line": 24, "column": 24 },
                "end": { "line": 36, "column": null }
            },
            "4": {
                "start": { "line": 31, "column": 4 },
                "end": { "line": 35, "column": null }
            },
            "5": {
                "start": { "line": 38, "column": 8 },
                "end": { "line": 43, "column": null }
            },
            "6": {
                "start": { "line": 39, "column": 4 },
                "end": { "line": 42, "column": null }
            },
            "7": {
                "start": { "line": 44, "column": 8 },
                "end": { "line": 49, "column": null }
            },
            "8": {
                "start": { "line": 45, "column": 4 },
                "end": { "line": 48, "column": null }
            },
            "9": {
                "start": { "line": 51, "column": 8 },
                "end": { "line": 56, "column": null }
            },
            "10": {
                "start": { "line": 52, "column": 4 },
                "end": { "line": 55, "column": null }
            },
            "11": {
                "start": { "line": 58, "column": 8 },
                "end": { "line": 63, "column": null }
            },
            "12": {
                "start": { "line": 59, "column": 4 },
                "end": { "line": 62, "column": null }
            },
            "13": {
                "start": { "line": 65, "column": 8 },
                "end": { "line": 70, "column": null }
            },
            "14": {
                "start": { "line": 66, "column": 4 },
                "end": { "line": 69, "column": null }
            },
            "15": {
                "start": { "line": 72, "column": 2 },
                "end": { "line": 83, "column": null }
            }
        },
        "fnMap": {
            "0": {
                "name": "(anonymous_0)",
                "decl": {
                    "start": { "line": 11, "column": 35 },
                    "end": { "line": 11, "column": 47 }
                },
                "loc": {
                    "start": { "line": 11, "column": 47 },
                    "end": { "line": 84, "column": 3 }
                },
                "line": 11
            },
            "1": {
                "name": "(anonymous_1)",
                "decl": {
                    "start": { "line": 24, "column": 24 },
                    "end": { "line": 24, "column": 25 }
                },
                "loc": {
                    "start": { "line": 30, "column": 22 },
                    "end": { "line": 36, "column": null }
                },
                "line": 30
            },
            "2": {
                "name": "(anonymous_2)",
                "decl": {
                    "start": { "line": 38, "column": 30 },
                    "end": { "line": 38, "column": 42 }
                },
                "loc": {
                    "start": { "line": 38, "column": 42 },
                    "end": { "line": 43, "column": 5 }
                },
                "line": 38
            },
            "3": {
                "name": "(anonymous_3)",
                "decl": {
                    "start": { "line": 44, "column": 29 },
                    "end": { "line": 44, "column": 41 }
                },
                "loc": {
                    "start": { "line": 44, "column": 41 },
                    "end": { "line": 49, "column": 5 }
                },
                "line": 44
            },
            "4": {
                "name": "(anonymous_4)",
                "decl": {
                    "start": { "line": 51, "column": 28 },
                    "end": { "line": 51, "column": 40 }
                },
                "loc": {
                    "start": { "line": 51, "column": 40 },
                    "end": { "line": 56, "column": 5 }
                },
                "line": 51
            },
            "5": {
                "name": "(anonymous_5)",
                "decl": {
                    "start": { "line": 58, "column": 36 },
                    "end": { "line": 58, "column": 48 }
                },
                "loc": {
                    "start": { "line": 58, "column": 48 },
                    "end": { "line": 63, "column": 5 }
                },
                "line": 58
            },
            "6": {
                "name": "(anonymous_6)",
                "decl": {
                    "start": { "line": 65, "column": 30 },
                    "end": { "line": 65, "column": 42 }
                },
                "loc": {
                    "start": { "line": 65, "column": 42 },
                    "end": { "line": 70, "column": 5 }
                },
                "line": 65
            }
        },
        "branchMap": {},
        "s": {
            "0": 6,
            "1": 6,
            "2": 6,
            "3": 6,
            "4": 30,
            "5": 6,
            "6": 6,
            "7": 6,
            "8": 6,
            "9": 6,
            "10": 6,
            "11": 6,
            "12": 6,
            "13": 6,
            "14": 6,
            "15": 6
        },
        "f": { "0": 6, "1": 30, "2": 6, "3": 6, "4": 6, "5": 6, "6": 6 },
        "b": {},
        "meta": {
            "lastBranch": 0,
            "lastFunction": 7,
            "lastStatement": 16,
            "seen": {
                "s:11:13:84:Infinity": 0,
                "f:11:35:11:47": 0,
                "s:17:6:17:Infinity": 1,
                "s:22:6:22:Infinity": 2,
                "s:24:24:36:Infinity": 3,
                "f:24:24:24:25": 1,
                "s:31:4:35:Infinity": 4,
                "s:38:8:43:Infinity": 5,
                "f:38:30:38:42": 2,
                "s:39:4:42:Infinity": 6,
                "s:44:8:49:Infinity": 7,
                "f:44:29:44:41": 3,
                "s:45:4:48:Infinity": 8,
                "s:51:8:56:Infinity": 9,
                "f:51:28:51:40": 4,
                "s:52:4:55:Infinity": 10,
                "s:58:8:63:Infinity": 11,
                "f:58:36:58:48": 5,
                "s:59:4:62:Infinity": 12,
                "s:65:8:70:Infinity": 13,
                "f:65:30:65:42": 6,
                "s:66:4:69:Infinity": 14,
                "s:72:2:83:Infinity": 15
            }
        }
    },
    "/Users/shion.terunaga/Desktop/project/create-react-template/main-template/tanstack-router/tailwind/src/utils/error/fetcher/fetcher-scheme.ts": {
        "path": "/Users/shion.terunaga/Desktop/project/create-react-template/main-template/tanstack-router/tailwind/src/utils/error/fetcher/fetcher-scheme.ts",
        "statementMap": {
            "0": {
                "start": { "line": 39, "column": 13 },
                "end": { "line": 67, "column": null }
            },
            "1": {
                "start": { "line": 41, "column": 4 },
                "end": { "line": 41, "column": null }
            },
            "2": {
                "start": { "line": 44, "column": 61 },
                "end": { "line": 51, "column": null }
            },
            "3": {
                "start": { "line": 54, "column": 55 },
                "end": { "line": 61, "column": null }
            },
            "4": {
                "start": { "line": 62, "column": 2 },
                "end": { "line": 66, "column": null }
            }
        },
        "fnMap": {
            "0": {
                "name": "(anonymous_0)",
                "decl": {
                    "start": { "line": 39, "column": 53 },
                    "end": { "line": 39, "column": 65 }
                },
                "loc": {
                    "start": { "line": 39, "column": 65 },
                    "end": { "line": 67, "column": 3 }
                },
                "line": 39
            }
        },
        "branchMap": {},
        "s": { "0": 6, "1": 6, "2": 6, "3": 6, "4": 6 },
        "f": { "0": 6 },
        "b": {},
        "meta": {
            "lastBranch": 0,
            "lastFunction": 1,
            "lastStatement": 5,
            "seen": {
                "s:39:13:67:Infinity": 0,
                "f:39:53:39:65": 0,
                "s:41:4:41:Infinity": 1,
                "s:44:61:51:Infinity": 2,
                "s:54:55:61:Infinity": 3,
                "s:62:2:66:Infinity": 4
            }
        }
    },
    "/Users/shion.terunaga/Desktop/project/create-react-template/main-template/tanstack-router/tailwind/src/utils/error/fetcher/index.ts": {
        "path": "/Users/shion.terunaga/Desktop/project/create-react-template/main-template/tanstack-router/tailwind/src/utils/error/fetcher/index.ts",
        "statementMap": {},
        "fnMap": {},
        "branchMap": {},
        "s": {},
        "f": {},
        "b": {},
        "meta": {
            "lastBranch": 0,
            "lastFunction": 0,
            "lastStatement": 0,
            "seen": {}
        }
    },
    "/Users/shion.terunaga/Desktop/project/create-react-template/main-template/tanstack-router/tailwind/src/utils/error/http/http-scheme.ts": {
        "path": "/Users/shion.terunaga/Desktop/project/create-react-template/main-template/tanstack-router/tailwind/src/utils/error/http/http-scheme.ts",
        "statementMap": {
            "0": {
                "start": { "line": 42, "column": 50 },
                "end": { "line": 71, "column": null }
            },
            "1": {
                "start": { "line": 44, "column": 59 },
                "end": { "line": 49, "column": null }
            },
            "2": {
                "start": { "line": 51, "column": 57 },
                "end": { "line": 56, "column": null }
            },
            "3": {
                "start": { "line": 59, "column": 56 },
                "end": { "line": 64, "column": null }
            },
            "4": {
                "start": { "line": 66, "column": 2 },
                "end": { "line": 70, "column": null }
            }
        },
        "fnMap": {
            "0": {
                "name": "(anonymous_0)",
                "decl": {
                    "start": { "line": 42, "column": 50 },
                    "end": { "line": 42, "column": 62 }
                },
                "loc": {
                    "start": { "line": 42, "column": 62 },
                    "end": { "line": 71, "column": 3 }
                },
                "line": 42
            }
        },
        "branchMap": {},
        "s": { "0": 8, "1": 8, "2": 8, "3": 8, "4": 8 },
        "f": { "0": 8 },
        "b": {},
        "meta": {
            "lastBranch": 0,
            "lastFunction": 1,
            "lastStatement": 5,
            "seen": {
                "s:42:50:71:Infinity": 0,
                "f:42:50:42:62": 0,
                "s:44:59:49:Infinity": 1,
                "s:51:57:56:Infinity": 2,
                "s:59:56:64:Infinity": 3,
                "s:66:2:70:Infinity": 4
            }
        }
    },
    "/Users/shion.terunaga/Desktop/project/create-react-template/main-template/tanstack-router/tailwind/src/utils/error/http/http.ts": {
        "path": "/Users/shion.terunaga/Desktop/project/create-react-template/main-template/tanstack-router/tailwind/src/utils/error/http/http.ts",
        "statementMap": {
            "0": {
                "start": { "line": 12, "column": 13 },
                "end": { "line": 63, "column": null }
            },
            "1": {
                "start": { "line": 13, "column": 26 },
                "end": { "line": 13, "column": null }
            },
            "2": {
                "start": { "line": 15, "column": 26 },
                "end": { "line": 27, "column": null }
            },
            "3": {
                "start": { "line": 22, "column": 4 },
                "end": { "line": 26, "column": null }
            },
            "4": {
                "start": { "line": 29, "column": 8 },
                "end": { "line": 34, "column": null }
            },
            "5": {
                "start": { "line": 30, "column": 4 },
                "end": { "line": 33, "column": null }
            },
            "6": {
                "start": { "line": 36, "column": 8 },
                "end": { "line": 41, "column": null }
            },
            "7": {
                "start": { "line": 37, "column": 4 },
                "end": { "line": 40, "column": null }
            },
            "8": {
                "start": { "line": 43, "column": 8 },
                "end": { "line": 48, "column": null }
            },
            "9": {
                "start": { "line": 44, "column": 4 },
                "end": { "line": 47, "column": null }
            },
            "10": {
                "start": { "line": 50, "column": 8 },
                "end": { "line": 55, "column": null }
            },
            "11": {
                "start": { "line": 51, "column": 4 },
                "end": { "line": 54, "column": null }
            },
            "12": {
                "start": { "line": 57, "column": 2 },
                "end": { "line": 62, "column": null }
            }
        },
        "fnMap": {
            "0": {
                "name": "(anonymous_0)",
                "decl": {
                    "start": { "line": 12, "column": 32 },
                    "end": { "line": 12, "column": 44 }
                },
                "loc": {
                    "start": { "line": 12, "column": 44 },
                    "end": { "line": 63, "column": 3 }
                },
                "line": 12
            },
            "1": {
                "name": "(anonymous_1)",
                "decl": {
                    "start": { "line": 15, "column": 26 },
                    "end": { "line": 15, "column": 27 }
                },
                "loc": {
                    "start": { "line": 21, "column": 19 },
                    "end": { "line": 27, "column": null }
                },
                "line": 21
            },
            "2": {
                "name": "(anonymous_2)",
                "decl": {
                    "start": { "line": 29, "column": 32 },
                    "end": { "line": 29, "column": 44 }
                },
                "loc": {
                    "start": { "line": 29, "column": 44 },
                    "end": { "line": 34, "column": 5 }
                },
                "line": 29
            },
            "3": {
                "name": "(anonymous_3)",
                "decl": {
                    "start": { "line": 36, "column": 30 },
                    "end": { "line": 36, "column": 42 }
                },
                "loc": {
                    "start": { "line": 36, "column": 42 },
                    "end": { "line": 41, "column": 5 }
                },
                "line": 36
            },
            "4": {
                "name": "(anonymous_4)",
                "decl": {
                    "start": { "line": 43, "column": 28 },
                    "end": { "line": 43, "column": 40 }
                },
                "loc": {
                    "start": { "line": 43, "column": 40 },
                    "end": { "line": 48, "column": 5 }
                },
                "line": 43
            },
            "5": {
                "name": "(anonymous_5)",
                "decl": {
                    "start": { "line": 50, "column": 37 },
                    "end": { "line": 50, "column": 49 }
                },
                "loc": {
                    "start": { "line": 50, "column": 49 },
                    "end": { "line": 55, "column": 5 }
                },
                "line": 50
            }
        },
        "branchMap": {},
        "s": {
            "0": 8,
            "1": 8,
            "2": 8,
            "3": 32,
            "4": 8,
            "5": 8,
            "6": 8,
            "7": 8,
            "8": 8,
            "9": 8,
            "10": 8,
            "11": 8,
            "12": 8
        },
        "f": { "0": 8, "1": 32, "2": 8, "3": 8, "4": 8, "5": 8 },
        "b": {},
        "meta": {
            "lastBranch": 0,
            "lastFunction": 6,
            "lastStatement": 13,
            "seen": {
                "s:12:13:63:Infinity": 0,
                "f:12:32:12:44": 0,
                "s:13:26:13:Infinity": 1,
                "s:15:26:27:Infinity": 2,
                "f:15:26:15:27": 1,
                "s:22:4:26:Infinity": 3,
                "s:29:8:34:Infinity": 4,
                "f:29:32:29:44": 2,
                "s:30:4:33:Infinity": 5,
                "s:36:8:41:Infinity": 6,
                "f:36:30:36:42": 3,
                "s:37:4:40:Infinity": 7,
                "s:43:8:48:Infinity": 8,
                "f:43:28:43:40": 4,
                "s:44:4:47:Infinity": 9,
                "s:50:8:55:Infinity": 10,
                "f:50:37:50:49": 5,
                "s:51:4:54:Infinity": 11,
                "s:57:2:62:Infinity": 12
            }
        }
    },
    "/Users/shion.terunaga/Desktop/project/create-react-template/main-template/tanstack-router/tailwind/src/utils/error/http/index.ts": {
        "path": "/Users/shion.terunaga/Desktop/project/create-react-template/main-template/tanstack-router/tailwind/src/utils/error/http/index.ts",
        "statementMap": {},
        "fnMap": {},
        "branchMap": {},
        "s": {},
        "f": {},
        "b": {},
        "meta": {
            "lastBranch": 0,
            "lastFunction": 0,
            "lastStatement": 0,
            "seen": {}
        }
    }
}
